-- MySQL dump 10.13  Distrib 5.5.46, for debian-linux-gnu (x86_64)
--
-- Host: localhost    Database: oceniarka
-- ------------------------------------------------------
-- Server version	5.5.46-0ubuntu0.14.04.2

/*!40101 SET @OLD_CHARACTER_SET_CLIENT=@@CHARACTER_SET_CLIENT */;
/*!40101 SET @OLD_CHARACTER_SET_RESULTS=@@CHARACTER_SET_RESULTS */;
/*!40101 SET @OLD_COLLATION_CONNECTION=@@COLLATION_CONNECTION */;
/*!40101 SET NAMES utf8 */;
/*!40103 SET @OLD_TIME_ZONE=@@TIME_ZONE */;
/*!40103 SET TIME_ZONE='+00:00' */;
/*!40014 SET @OLD_UNIQUE_CHECKS=@@UNIQUE_CHECKS, UNIQUE_CHECKS=0 */;
/*!40014 SET @OLD_FOREIGN_KEY_CHECKS=@@FOREIGN_KEY_CHECKS, FOREIGN_KEY_CHECKS=0 */;
/*!40101 SET @OLD_SQL_MODE=@@SQL_MODE, SQL_MODE='NO_AUTO_VALUE_ON_ZERO' */;
/*!40111 SET @OLD_SQL_NOTES=@@SQL_NOTES, SQL_NOTES=0 */;

--
-- Table structure for table `category`
--

DROP TABLE IF EXISTS `category`;
/*!40101 SET @saved_cs_client     = @@character_set_client */;
/*!40101 SET character_set_client = utf8 */;
CREATE TABLE `category` (
  `idcategory` int(10) unsigned NOT NULL AUTO_INCREMENT,
  `name` varchar(45) CHARACTER SET utf8 COLLATE utf8_bin NOT NULL,
  `r` int(10) NOT NULL,
  `l` int(10) unsigned NOT NULL,
  PRIMARY KEY (`idcategory`),
  UNIQUE KEY `idcategory_UNIQUE` (`idcategory`),
  UNIQUE KEY `r_UNIQUE` (`r`),
  UNIQUE KEY `l_UNIQUE` (`l`)
) ENGINE=InnoDB AUTO_INCREMENT=3 DEFAULT CHARSET=utf8;
/*!40101 SET character_set_client = @saved_cs_client */;

--
-- Dumping data for table `category`
--

LOCK TABLES `category` WRITE;
/*!40000 ALTER TABLE `category` DISABLE KEYS */;
INSERT INTO `category` VALUES (1,'KATEGORIA',1,2),(2,'dział',2,3);
/*!40000 ALTER TABLE `category` ENABLE KEYS */;
UNLOCK TABLES;

--
-- Table structure for table `opinion`
--

DROP TABLE IF EXISTS `opinion`;
/*!40101 SET @saved_cs_client     = @@character_set_client */;
/*!40101 SET character_set_client = utf8 */;
CREATE TABLE `opinion` (
  `idopinion` int(10) unsigned NOT NULL AUTO_INCREMENT,
  `rating` int(11) NOT NULL DEFAULT '0',
  `idproduct` int(10) unsigned NOT NULL,
  `upvotes` int(10) unsigned NOT NULL DEFAULT '0',
  `downvotes` int(10) unsigned NOT NULL DEFAULT '0',
  `iduser` int(10) unsigned NOT NULL,
  `dateadd` datetime NOT NULL DEFAULT '1900-01-01 00:00:00',
  PRIMARY KEY (`idopinion`),
  UNIQUE KEY `idopinion_UNIQUE` (`idopinion`),
  KEY `idproduct_idx` (`idproduct`),
  KEY `iduser_idx` (`iduser`),
  CONSTRAINT `idproduct` FOREIGN KEY (`idproduct`) REFERENCES `product` (`idproduct`) ON DELETE NO ACTION ON UPDATE NO ACTION,
  CONSTRAINT `iduser` FOREIGN KEY (`iduser`) REFERENCES `user` (`iduser`) ON DELETE NO ACTION ON UPDATE NO ACTION
) ENGINE=InnoDB DEFAULT CHARSET=utf8;
/*!40101 SET character_set_client = @saved_cs_client */;

--
-- Dumping data for table `opinion`
--

LOCK TABLES `opinion` WRITE;
/*!40000 ALTER TABLE `opinion` DISABLE KEYS */;
/*!40000 ALTER TABLE `opinion` ENABLE KEYS */;
UNLOCK TABLES;

--
-- Table structure for table `opinionvote`
--

DROP TABLE IF EXISTS `opinionvote`;
/*!40101 SET @saved_cs_client     = @@character_set_client */;
/*!40101 SET character_set_client = utf8 */;
CREATE TABLE `opinionvote` (
  `idopinion` int(10) unsigned NOT NULL,
  `iduser` int(10) unsigned NOT NULL,
  `updow` int(10) unsigned NOT NULL,
  PRIMARY KEY (`idopinion`,`iduser`),
  KEY `iduser_idx` (`iduser`),
  CONSTRAINT `idopinion` FOREIGN KEY (`idopinion`) REFERENCES `opinion` (`idopinion`) ON DELETE NO ACTION ON UPDATE NO ACTION,
  CONSTRAINT `iduser2` FOREIGN KEY (`iduser`) REFERENCES `user` (`iduser`) ON DELETE NO ACTION ON UPDATE NO ACTION
) ENGINE=InnoDB DEFAULT CHARSET=utf8;
/*!40101 SET character_set_client = @saved_cs_client */;

--
-- Dumping data for table `opinionvote`
--

LOCK TABLES `opinionvote` WRITE;
/*!40000 ALTER TABLE `opinionvote` DISABLE KEYS */;
/*!40000 ALTER TABLE `opinionvote` ENABLE KEYS */;
UNLOCK TABLES;

--
-- Table structure for table `product`
--

DROP TABLE IF EXISTS `product`;
/*!40101 SET @saved_cs_client     = @@character_set_client */;
/*!40101 SET character_set_client = utf8 */;
CREATE TABLE `product` (
  `idproduct` int(10) unsigned NOT NULL AUTO_INCREMENT,
  `idcategory` int(10) unsigned NOT NULL,
  `productname` varchar(60) CHARACTER SET utf8 COLLATE utf8_bin DEFAULT NULL,
  `productrating` int(11) NOT NULL DEFAULT '0',
  PRIMARY KEY (`idproduct`),
  UNIQUE KEY `idproduct_UNIQUE` (`idproduct`),
  KEY `idcategory` (`idcategory`),
  CONSTRAINT `idcategory` FOREIGN KEY (`idcategory`) REFERENCES `category` (`idcategory`) ON DELETE NO ACTION ON UPDATE NO ACTION
) ENGINE=InnoDB DEFAULT CHARSET=utf8;
/*!40101 SET character_set_client = @saved_cs_client */;

--
-- Dumping data for table `product`
--

LOCK TABLES `product` WRITE;
/*!40000 ALTER TABLE `product` DISABLE KEYS */;
/*!40000 ALTER TABLE `product` ENABLE KEYS */;
UNLOCK TABLES;

--
-- Table structure for table `user`
--

DROP TABLE IF EXISTS `user`;
/*!40101 SET @saved_cs_client     = @@character_set_client */;
/*!40101 SET character_set_client = utf8 */;
CREATE TABLE `user` (
  `iduser` int(10) unsigned NOT NULL AUTO_INCREMENT,
  `type` int(10) unsigned NOT NULL,
  `email` varchar(255) CHARACTER SET utf8 COLLATE utf8_bin NOT NULL,
  `password` varchar(32) CHARACTER SET utf8 COLLATE utf8_bin NOT NULL,
  `createtime` datetime NOT NULL DEFAULT '1900-01-01 00:00:00',
  `lastseentime` datetime NOT NULL DEFAULT '1900-01-01 00:00:00',
  PRIMARY KEY (`iduser`),
  UNIQUE KEY `iduser_UNIQUE` (`iduser`),
  UNIQUE KEY `email_UNIQUE` (`email`),
  CONSTRAINT `type` FOREIGN KEY (`iduser`) REFERENCES `useraccounttype` (`iduseraccounttype`) ON DELETE NO ACTION ON UPDATE NO ACTION
) ENGINE=InnoDB DEFAULT CHARSET=utf8;
/*!40101 SET character_set_client = @saved_cs_client */;

--
-- Dumping data for table `user`
--

LOCK TABLES `user` WRITE;
/*!40000 ALTER TABLE `user` DISABLE KEYS */;
/*!40000 ALTER TABLE `user` ENABLE KEYS */;
UNLOCK TABLES;

--
-- Table structure for table `useraccounttype`
--

DROP TABLE IF EXISTS `useraccounttype`;
/*!40101 SET @saved_cs_client     = @@character_set_client */;
/*!40101 SET character_set_client = utf8 */;
CREATE TABLE `useraccounttype` (
  `iduseraccounttype` int(10) unsigned NOT NULL AUTO_INCREMENT,
  `name` enum('user','admin') NOT NULL DEFAULT 'user',
  `product` tinyint(1) NOT NULL DEFAULT '0',
  `user` tinyint(1) NOT NULL DEFAULT '0',
  `ownopinions` tinyint(1) NOT NULL DEFAULT '0',
  `allopinions` tinyint(1) NOT NULL DEFAULT '0',
  PRIMARY KEY (`iduseraccounttype`),
  UNIQUE KEY `iduseraccounttype_UNIQUE` (`iduseraccounttype`)
) ENGINE=InnoDB DEFAULT CHARSET=utf8;
/*!40101 SET character_set_client = @saved_cs_client */;

--
-- Dumping data for table `useraccounttype`
--

LOCK TABLES `useraccounttype` WRITE;
/*!40000 ALTER TABLE `useraccounttype` DISABLE KEYS */;
/*!40000 ALTER TABLE `useraccounttype` ENABLE KEYS */;
UNLOCK TABLES;
/*!40103 SET TIME_ZONE=@OLD_TIME_ZONE */;

/*!40101 SET SQL_MODE=@OLD_SQL_MODE */;
/*!40014 SET FOREIGN_KEY_CHECKS=@OLD_FOREIGN_KEY_CHECKS */;
/*!40014 SET UNIQUE_CHECKS=@OLD_UNIQUE_CHECKS */;
/*!40101 SET CHARACTER_SET_CLIENT=@OLD_CHARACTER_SET_CLIENT */;
/*!40101 SET CHARACTER_SET_RESULTS=@OLD_CHARACTER_SET_RESULTS */;
/*!40101 SET COLLATION_CONNECTION=@OLD_COLLATION_CONNECTION */;
/*!40111 SET SQL_NOTES=@OLD_SQL_NOTES */;

-- Dump completed on 2015-11-24 13:17:35
